0 info it worked if it ends with ok
1 verbose cli [ '/usr/local/bin/node',
1 verbose cli   '/usr/local/bin/npm',
1 verbose cli   'install',
1 verbose cli   '-g',
1 verbose cli   'concurrently' ]
2 info using npm@2.15.9
3 info using node@v4.6.1
4 verbose install initial load of /usr/local/lib/package.json
5 verbose readDependencies loading dependencies from /usr/local/lib/package.json
6 silly cache add args [ 'concurrently', null ]
7 verbose cache add spec concurrently
8 silly cache add parsed spec Result {
8 silly cache add   raw: 'concurrently',
8 silly cache add   scope: null,
8 silly cache add   name: 'concurrently',
8 silly cache add   rawSpec: '',
8 silly cache add   spec: 'latest',
8 silly cache add   type: 'tag' }
9 silly addNamed concurrently@latest
10 verbose addNamed "latest" is being treated as a dist-tag for concurrently
11 info addNameTag [ 'concurrently', 'latest' ]
12 silly mapToRegistry name concurrently
13 silly mapToRegistry using default registry
14 silly mapToRegistry registry https://registry.npmjs.org/
15 silly mapToRegistry data Result {
15 silly mapToRegistry   raw: 'concurrently',
15 silly mapToRegistry   scope: null,
15 silly mapToRegistry   name: 'concurrently',
15 silly mapToRegistry   rawSpec: '',
15 silly mapToRegistry   spec: 'latest',
15 silly mapToRegistry   type: 'tag' }
16 silly mapToRegistry uri https://registry.npmjs.org/concurrently
17 verbose addNameTag registry:https://registry.npmjs.org/concurrently not in flight; fetching
18 verbose request uri https://registry.npmjs.org/concurrently
19 verbose request no auth needed
20 info attempt registry request try #1 at 11:09:16 PM
21 verbose request id 03b3d6e30d78ee30
22 verbose etag "9CBM8MS19WALMMN8FG51XMGJ5"
23 http request GET https://registry.npmjs.org/concurrently
24 info retry will retry, error on last attempt: Error: getaddrinfo ENOTFOUND registry.npmjs.org registry.npmjs.org:443
25 info attempt registry request try #2 at 11:09:56 PM
26 verbose etag "9CBM8MS19WALMMN8FG51XMGJ5"
27 http request GET https://registry.npmjs.org/concurrently
28 info retry will retry, error on last attempt: Error: getaddrinfo ENOTFOUND registry.npmjs.org registry.npmjs.org:443
29 info attempt registry request try #3 at 11:11:26 PM
30 verbose etag "9CBM8MS19WALMMN8FG51XMGJ5"
31 http request GET https://registry.npmjs.org/concurrently
32 silly get cb [ 304, undefined ]
33 verbose etag https://registry.npmjs.org/concurrently from cache
34 verbose get saving concurrently to /Users/michaeltreser/.npm/registry.npmjs.org/concurrently/.cache.json
35 verbose correctMkdir /Users/michaeltreser/.npm correctMkdir not in flight; initializing
36 silly addNameTag next cb for concurrently with tag latest
37 silly addNamed concurrently@3.1.0
38 verbose addNamed "3.1.0" is a plain semver version for concurrently
39 silly mapToRegistry name concurrently
40 silly mapToRegistry using default registry
41 silly mapToRegistry registry https://registry.npmjs.org/
42 silly mapToRegistry data Result {
42 silly mapToRegistry   raw: 'concurrently',
42 silly mapToRegistry   scope: null,
42 silly mapToRegistry   name: 'concurrently',
42 silly mapToRegistry   rawSpec: '',
42 silly mapToRegistry   spec: 'latest',
42 silly mapToRegistry   type: 'tag' }
43 silly mapToRegistry uri https://registry.npmjs.org/concurrently
44 verbose addRemoteTarball https://registry.npmjs.org/concurrently/-/concurrently-3.1.0.tgz not in flight; adding
45 verbose addRemoteTarball [ 'https://registry.npmjs.org/concurrently/-/concurrently-3.1.0.tgz',
45 verbose addRemoteTarball   'dc5ef0459090012604756668894c04b434ef90d1' ]
46 info retry fetch attempt 1 at 11:11:56 PM
47 info attempt registry request try #1 at 11:11:56 PM
48 http fetch GET https://registry.npmjs.org/concurrently/-/concurrently-3.1.0.tgz
49 info retry will retry, error on last attempt: Error: getaddrinfo ENOTFOUND registry.npmjs.org registry.npmjs.org:443
50 info attempt registry request try #2 at 11:12:36 PM
51 http fetch GET https://registry.npmjs.org/concurrently/-/concurrently-3.1.0.tgz
52 info retry will retry, error on last attempt: Error: getaddrinfo ENOTFOUND registry.npmjs.org registry.npmjs.org:443
53 info attempt registry request try #3 at 11:14:06 PM
54 http fetch GET https://registry.npmjs.org/concurrently/-/concurrently-3.1.0.tgz
55 error fetch failed https://registry.npmjs.org/concurrently/-/concurrently-3.1.0.tgz
56 warn retry will retry, error on last attempt: Error: getaddrinfo ENOTFOUND registry.npmjs.org registry.npmjs.org:443
57 info retry fetch attempt 2 at 11:14:46 PM
58 info attempt registry request try #1 at 11:14:46 PM
59 http fetch GET https://registry.npmjs.org/concurrently/-/concurrently-3.1.0.tgz
60 info retry will retry, error on last attempt: Error: getaddrinfo ENOTFOUND registry.npmjs.org registry.npmjs.org:443
61 info attempt registry request try #2 at 11:15:26 PM
62 http fetch GET https://registry.npmjs.org/concurrently/-/concurrently-3.1.0.tgz
63 info retry will retry, error on last attempt: Error: getaddrinfo ENOTFOUND registry.npmjs.org registry.npmjs.org:443
64 info attempt registry request try #3 at 11:16:56 PM
65 http fetch GET https://registry.npmjs.org/concurrently/-/concurrently-3.1.0.tgz
66 error fetch failed https://registry.npmjs.org/concurrently/-/concurrently-3.1.0.tgz
67 warn retry will retry, error on last attempt: Error: getaddrinfo ENOTFOUND registry.npmjs.org registry.npmjs.org:443
68 info retry fetch attempt 3 at 11:18:26 PM
69 info attempt registry request try #1 at 11:18:26 PM
70 http fetch GET https://registry.npmjs.org/concurrently/-/concurrently-3.1.0.tgz
71 info retry will retry, error on last attempt: Error: getaddrinfo ENOTFOUND registry.npmjs.org registry.npmjs.org:443
72 info attempt registry request try #2 at 11:19:06 PM
73 http fetch GET https://registry.npmjs.org/concurrently/-/concurrently-3.1.0.tgz
74 info retry will retry, error on last attempt: Error: getaddrinfo ENOTFOUND registry.npmjs.org registry.npmjs.org:443
75 info attempt registry request try #3 at 11:20:37 PM
76 http fetch GET https://registry.npmjs.org/concurrently/-/concurrently-3.1.0.tgz
77 error fetch failed https://registry.npmjs.org/concurrently/-/concurrently-3.1.0.tgz
78 verbose stack Error: getaddrinfo ENOTFOUND registry.npmjs.org registry.npmjs.org:443
78 verbose stack     at errnoException (dns.js:27:10)
78 verbose stack     at GetAddrInfoReqWrap.onlookup [as oncomplete] (dns.js:78:26)
79 verbose cwd /Users/michaeltreser/Dropbox/FED/GitHub/ang2
80 error Darwin 15.0.0
81 error argv "/usr/local/bin/node" "/usr/local/bin/npm" "install" "-g" "concurrently"
82 error node v4.6.1
83 error npm  v2.15.9
84 error code ENOTFOUND
85 error errno ENOTFOUND
86 error syscall getaddrinfo
87 error network getaddrinfo ENOTFOUND registry.npmjs.org registry.npmjs.org:443
87 error network This is most likely not a problem with npm itself
87 error network and is related to network connectivity.
87 error network In most cases you are behind a proxy or have bad network settings.
87 error network
87 error network If you are behind a proxy, please make sure that the
87 error network 'proxy' config is set properly.  See: 'npm help config'
88 verbose exit [ 1, true ]
